----
RUNNING: ./tests/unittest1_tests

----- test_operation1
ALL TESTS PASSED

Tests run: 1
----
RUNNING: ./tests/unittest1_tests

----- test_operation1	Error: demo asseretion
 FAILED: demo asseretion

Tests run: 1
----
RUNNING: ./tests/unittest1_tests

----- test_operation1	Error: demo assertion
 FAILED: demo assertion

Tests run: 1
----
RUNNING: ./tests/unittest1_tests

----- test_operation1	Error: demo assertion
 FAILED: demo assertion

Tests run: 1
----
RUNNING: ./tests/unittest1_tests

----- test_operation1	Error: demo assertion
 FAILED: demo assertion

Tests run: 1
----
RUNNING: ./tests/unittest1_tests

----- test_operation1	Error: demo assertion
 FAILED: demo assertion

Tests run: 1
----
RUNNING: ./tests/unittest1_tests

----- test_operation1
ALL TESTS PASSED

Tests run: 1
----
RUNNING: ./tests/unittest1_tests

----- test_operation1
ALL TESTS PASSED

Tests run: 1
----
RUNNING: ./tests/unittest1_tests

----- test_operation1
ALL TESTS PASSED

Tests run: 1
----
RUNNING: ./tests/unittest1_tests

----- test_operation1
ALL TESTS PASSED

Tests run: 1
----
RUNNING: ./tests/unittest1_tests

----- test_operation1
ALL TESTS PASSED

Tests run: 1
----
RUNNING: ./tests/unittest1_tests

----- test_operation1
ALL TESTS PASSED

Tests run: 1
----
RUNNING: ./tests/unittest1_tests

----- test_operation1
ALL TESTS PASSED

Tests run: 1
----
RUNNING: ./tests/unittest1_tests

----- test_operation1
ALL TESTS PASSED

Tests run: 1
----
RUNNING: ./tests/unittest1_tests

----- test_operation1
ALL TESTS PASSED

Tests run: 1
----
RUNNING: ./tests/unittest1_tests

----- test_operation1
ALL TESTS PASSED

Tests run: 1
